<?xml version="1.0" encoding="UTF-8"?>
<!-- Generated by org.testng.reporters.JUnitXMLReporter -->
<testsuite ignored="0" hostname="DESKTOP-JBNHPPI" failures="1" tests="1" name="multipleBrowserTest" time="8.861" errors="0" timestamp="2025-11-14T06:52:13 IST">
  <testcase classname="testCases.TCC_001_AccountRegistrationTest" name="AccountRegistrationTest" time="2.671">
    <failure type="java.lang.AssertionError" message="expected [true] but found [false]">
      <![CDATA[java.lang.AssertionError: expected [true] but found [false]
at testCases.TCC_001_AccountRegistrationTest.AccountRegistrationTest(TCC_001_AccountRegistrationTest.java:48)
at java.base/java.util.ArrayList.forEach(ArrayList.java:1596)
... Removed 29 stack frames]]>
    </failure>
  </testcase> <!-- AccountRegistrationTest -->
</testsuite> <!-- multipleBrowserTest -->
