<?xml version="1.0" encoding="UTF-8"?>
<testng-results ignored="0" total="2" passed="2" failed="0" skipped="0">
  <reporter-output>
  </reporter-output>
  <suite started-at="2025-11-15T11:01:28 IST" name="Suite" finished-at="2025-11-15T11:01:35 IST" duration-ms="6714">
    <groups>
      <group name="Master">
        <method signature="TCC_001_AccountRegistrationTest.AccountRegistrationTest()[pri:0, instance:testCases.TCC_001_AccountRegistrationTest@5829e4f4]" name="AccountRegistrationTest" class="testCases.TCC_001_AccountRegistrationTest"/>
        <method signature="TCC_002_LoginTest.verify_home()[pri:1, instance:testCases.TCC_002_LoginTest@1b2c4efb]" name="verify_home" class="testCases.TCC_002_LoginTest"/>
      </group> <!-- Master -->
      <group name="Sanity">
        <method signature="TCC_001_AccountRegistrationTest.AccountRegistrationTest()[pri:0, instance:testCases.TCC_001_AccountRegistrationTest@5829e4f4]" name="AccountRegistrationTest" class="testCases.TCC_001_AccountRegistrationTest"/>
        <method signature="TCC_002_LoginTest.verify_home()[pri:1, instance:testCases.TCC_002_LoginTest@1b2c4efb]" name="verify_home" class="testCases.TCC_002_LoginTest"/>
      </group> <!-- Sanity -->
    </groups>
    <test started-at="2025-11-15T11:01:28 IST" name="chromeBrowserTest" finished-at="2025-11-15T11:01:35 IST" duration-ms="6714">
      <class name="testCases.TCC_001_AccountRegistrationTest">
        <test-method is-config="true" signature="stepUp(java.lang.String,java.lang.String)[pri:0, instance:testCases.TCC_001_AccountRegistrationTest@5829e4f4]" started-at="2025-11-15T11:01:29 IST" name="stepUp" finished-at="2025-11-15T11:01:30 IST" duration-ms="1641" status="PASS">
          <params>
            <param index="0">
              <value>
                <![CDATA[windows]]>
              </value>
            </param>
            <param index="1">
              <value>
                <![CDATA[chrome]]>
              </value>
            </param>
          </params>
          <reporter-output>
          </reporter-output>
        </test-method> <!-- stepUp -->
        <test-method signature="AccountRegistrationTest()[pri:0, instance:testCases.TCC_001_AccountRegistrationTest@5829e4f4]" started-at="2025-11-15T11:01:30 IST" name="AccountRegistrationTest" finished-at="2025-11-15T11:01:33 IST" duration-ms="2456" status="PASS">
          <reporter-output>
          </reporter-output>
        </test-method> <!-- AccountRegistrationTest -->
      </class> <!-- testCases.TCC_001_AccountRegistrationTest -->
      <class name="testCases.TCC_002_LoginTest">
        <test-method is-config="true" signature="stepUp(java.lang.String,java.lang.String)[pri:0, instance:testCases.TCC_002_LoginTest@1b2c4efb]" started-at="2025-11-15T11:01:33 IST" name="stepUp" finished-at="2025-11-15T11:01:34 IST" duration-ms="1278" status="PASS">
          <params>
            <param index="0">
              <value>
                <![CDATA[windows]]>
              </value>
            </param>
            <param index="1">
              <value>
                <![CDATA[chrome]]>
              </value>
            </param>
          </params>
          <reporter-output>
          </reporter-output>
        </test-method> <!-- stepUp -->
        <test-method signature="verify_home()[pri:1, instance:testCases.TCC_002_LoginTest@1b2c4efb]" started-at="2025-11-15T11:01:34 IST" name="verify_home" finished-at="2025-11-15T11:01:35 IST" duration-ms="1179" status="PASS">
          <reporter-output>
          </reporter-output>
        </test-method> <!-- verify_home -->
      </class> <!-- testCases.TCC_002_LoginTest -->
    </test> <!-- chromeBrowserTest -->
  </suite> <!-- Suite -->
</testng-results>
