<?xml version="1.0" encoding="UTF-8"?>
<testng-results ignored="0" total="2" passed="2" failed="0" skipped="0">
  <reporter-output>
  </reporter-output>
  <suite started-at="2025-11-15T10:41:05 IST" name="Suite" finished-at="2025-11-15T10:41:13 IST" duration-ms="8070">
    <groups>
      <group name="Master">
        <method signature="TCC_001_AccountRegistrationTest.AccountRegistrationTest()[pri:0, instance:testCases.TCC_001_AccountRegistrationTest@39ad977d]" name="AccountRegistrationTest" class="testCases.TCC_001_AccountRegistrationTest"/>
        <method signature="TCC_002_LoginTest.verify_home()[pri:1, instance:testCases.TCC_002_LoginTest@20f12539]" name="verify_home" class="testCases.TCC_002_LoginTest"/>
      </group> <!-- Master -->
      <group name="Sanity">
        <method signature="TCC_001_AccountRegistrationTest.AccountRegistrationTest()[pri:0, instance:testCases.TCC_001_AccountRegistrationTest@39ad977d]" name="AccountRegistrationTest" class="testCases.TCC_001_AccountRegistrationTest"/>
        <method signature="TCC_002_LoginTest.verify_home()[pri:1, instance:testCases.TCC_002_LoginTest@20f12539]" name="verify_home" class="testCases.TCC_002_LoginTest"/>
      </group> <!-- Sanity -->
    </groups>
    <test started-at="2025-11-15T10:41:05 IST" name="chromeBrowserTest" finished-at="2025-11-15T10:41:13 IST" duration-ms="8070">
      <class name="testCases.TCC_001_AccountRegistrationTest">
        <test-method is-config="true" signature="stepUp(java.lang.String,java.lang.String)[pri:0, instance:testCases.TCC_001_AccountRegistrationTest@39ad977d]" started-at="2025-11-15T10:41:05 IST" name="stepUp" finished-at="2025-11-15T10:41:07 IST" duration-ms="2639" status="PASS">
          <params>
            <param index="0">
              <value>
                <![CDATA[windows]]>
              </value>
            </param>
            <param index="1">
              <value>
                <![CDATA[chrome]]>
              </value>
            </param>
          </params>
          <reporter-output>
          </reporter-output>
        </test-method> <!-- stepUp -->
        <test-method signature="AccountRegistrationTest()[pri:0, instance:testCases.TCC_001_AccountRegistrationTest@39ad977d]" started-at="2025-11-15T10:41:07 IST" name="AccountRegistrationTest" finished-at="2025-11-15T10:41:10 IST" duration-ms="2811" status="PASS">
          <reporter-output>
          </reporter-output>
        </test-method> <!-- AccountRegistrationTest -->
      </class> <!-- testCases.TCC_001_AccountRegistrationTest -->
      <class name="testCases.TCC_002_LoginTest">
        <test-method is-config="true" signature="stepUp(java.lang.String,java.lang.String)[pri:0, instance:testCases.TCC_002_LoginTest@20f12539]" started-at="2025-11-15T10:41:10 IST" name="stepUp" finished-at="2025-11-15T10:41:12 IST" duration-ms="1326" status="PASS">
          <params>
            <param index="0">
              <value>
                <![CDATA[windows]]>
              </value>
            </param>
            <param index="1">
              <value>
                <![CDATA[chrome]]>
              </value>
            </param>
          </params>
          <reporter-output>
          </reporter-output>
        </test-method> <!-- stepUp -->
        <test-method signature="verify_home()[pri:1, instance:testCases.TCC_002_LoginTest@20f12539]" started-at="2025-11-15T10:41:12 IST" name="verify_home" finished-at="2025-11-15T10:41:13 IST" duration-ms="1118" status="PASS">
          <reporter-output>
          </reporter-output>
        </test-method> <!-- verify_home -->
      </class> <!-- testCases.TCC_002_LoginTest -->
    </test> <!-- chromeBrowserTest -->
  </suite> <!-- Suite -->
</testng-results>
